<?xml version="1.0" encoding="utf-8"?><testsuites name="pytest tests"><testsuite name="pytest" errors="0" failures="0" skipped="0" tests="17" time="5.622" timestamp="2026-09-06T01:07:50.304870+00:00" hostname="agent-env-f3b6b200-9871-4fc7-989e-c7ebaebd8178"><testcase classname="tests.backend_test.TestAuth" name="test_login_wrong_passcode" time="0.554" /><testcase classname="tests.backend_test.TestProjects" name="test_list_public" time="0.554" /><testcase classname="tests.backend_test.TestProjects" name="test_list_by_world_anomaly" time="0.120" /><testcase classname="tests.backend_test.TestProjects" name="test_list_by_world_work" time="0.246" /><testcase classname="tests.backend_test.TestProjects" name="test_admin_list_requires_auth" time="0.148" /><testcase classname="tests.backend_test.TestAuth" name="test_login_correct" time="0.411" /><testcase classname="tests.backend_test.TestAuth" name="test_verify_valid" time="0.115" /><testcase classname="tests.backend_test.TestAuth" name="test_verify_invalid" time="0.328" /><testcase classname="tests.backend_test.TestProjects" name="test_create_work_project_crud" time="1.139" /><testcase classname="tests.backend_test.TestAbout" name="test_get_about_public" time="0.114" /><testcase classname="tests.backend_test.TestAbout" name="test_update_about_requires_auth" time="0.132" /><testcase classname="tests.backend_test.TestAbout" name="test_update_about_and_persist" time="0.476" /><testcase classname="tests.backend_test.TestPasscodeChange" name="test_change_passcode_wrong_current" time="0.346" /><testcase classname="tests.backend_test.TestProjects" name="test_reorder" time="1.221" /><testcase classname="tests.backend_test.TestPasscodeChange" name="test_change_passcode_flow_and_restore" time="2.362" /><testcase classname="tests.backend_test.TestUploads" name="test_upload_requires_auth" time="0.367" /><testcase classname="tests.backend_test.TestUploads" name="test_upload_and_compression" time="1.258" /></testsuite></testsuites>