<?xml version="1.0" encoding="utf-8"?><testsuites name="pytest tests"><testsuite name="pytest" errors="0" failures="0" skipped="0" tests="21" time="6.563" timestamp="2026-09-06T01:48:39.691118+00:00" hostname="agent-env-f3b6b200-9871-4fc7-989e-c7ebaebd8178"><testcase classname="tests.backend_test.TestAuth" name="test_login_wrong_passcode" time="0.382" /><testcase classname="tests.backend_test.TestProjects" name="test_list_public" time="0.387" /><testcase classname="tests.backend_test.TestProjects" name="test_list_by_world_anomaly" time="0.115" /><testcase classname="tests.backend_test.TestProjects" name="test_list_by_world_work" time="0.227" /><testcase classname="tests.backend_test.TestProjects" name="test_admin_list_requires_auth" time="0.156" /><testcase classname="tests.backend_test.TestAuth" name="test_login_correct" time="0.392" /><testcase classname="tests.backend_test.TestAuth" name="test_verify_valid" time="0.164" /><testcase classname="tests.backend_test.TestAuth" name="test_verify_invalid" time="0.296" /><testcase classname="tests.backend_test.TestProjects" name="test_create_work_project_crud" time="1.137" /><testcase classname="tests.backend_test.TestAbout" name="test_get_about_public" time="0.184" /><testcase classname="tests.backend_test.TestAbout" name="test_update_about_requires_auth" time="0.127" /><testcase classname="tests.backend_test.TestAbout" name="test_update_about_and_persist" time="1.206" /><testcase classname="tests.backend_test.TestProjects" name="test_reorder" time="0.515" /><testcase classname="tests.backend_test.TestHomeIntro" name="test_get_home_intro_public" time="0.131" /><testcase classname="tests.backend_test.TestHomeIntro" name="test_put_home_intro_requires_auth" time="0.153" /><testcase classname="tests.backend_test.TestUploads" name="test_upload_requires_auth" time="0.131" /><testcase classname="tests.backend_test.TestHomeIntro" name="test_put_home_intro_and_persist" time="0.584" /><testcase classname="tests.backend_test.TestUploads" name="test_upload_and_compression" time="0.528" /><testcase classname="tests.backend_test.TestPasscodeChange" name="test_change_passcode_wrong_current" time="0.421" /><testcase classname="tests.backend_test.TestImageRatioCrop" name="test_create_project_with_ratio_crop" time="0.491" /><testcase classname="tests.backend_test.TestPasscodeChange" name="test_change_passcode_flow_and_restore" time="2.194" /></testsuite></testsuites>